app/build/outputs/logs/manifest-merger-debug-report.txt
-- Merging decision tree log ---
manifest
ADDED from src\main\AndroidManifest.xml:1:1-175:12
	xmlns:android
		ADDED from src\main\AndroidManifest.xml:1:11-69
	package
		ADDED from src\main\AndroidManifest.xml:2:5-61
		INJECTED from src\main\AndroidManifest.xml
		INJECTED from src\main\AndroidManifest.xml
	android:versionName
		ADDED from src\main\AndroidManifest.xml:4:5-30
		INJECTED from src\main\AndroidManifest.xml
		INJECTED from src\main\AndroidManifest.xml
	android:versionCode
		ADDED from src\main\AndroidManifest.xml:3:5-28
		INJECTED from src\main\AndroidManifest.xml
		INJECTED from src\main\AndroidManifest.xml
uses-sdk
ADDED from src\main\AndroidManifest.xml:7:5-9:10
MERGED from [com.android.support:appcompat-v7:23.2.1] AndroidManifest.xml:21:5-23:78
MERGED from [com.android.support:support-v4:23.2.1] AndroidManifest.xml:20:5-43
MERGED from [com.android.support:animated-vector-drawable:23.2.1] AndroidManifest.xml:5:5-44
MERGED from [com.android.support:support-vector-drawable:23.2.1] AndroidManifest.xml:5:5-43
MERGED from [com.android.support:support-v4:23.2.1] AndroidManifest.xml:20:5-43
MERGED from [com.android.support:support-vector-drawable:23.2.1] AndroidManifest.xml:5:5-43
MERGED from [com.android.support:support-v4:23.2.1] AndroidManifest.xml:20:5-43
MERGED from [com.android.support:recyclerview-v7:23.0.0] AndroidManifest.xml:20:5-43
MERGED from [com.android.support:support-v4:23.2.1] AndroidManifest.xml:20:5-43
MERGED from [gitrepo.google_play_services:google-play-services_lib:unspecified] AndroidManifest.xml:22:5-24:41
	android:targetSdkVersion
		INJECTED from src\main\AndroidManifest.xml
		INJECTED from src\main\AndroidManifest.xml
	android:minSdkVersion
		ADDED from src\main\AndroidManifest.xml:8:8-34
		INJECTED from src\main\AndroidManifest.xml
		INJECTED from src\main\AndroidManifest.xml
	tools:overrideLibrary
		ADDED from [com.android.support:appcompat-v7:23.2.1] AndroidManifest.xml:23:9-75
application
ADDED from src\main\AndroidManifest.xml:11:5-162:19
MERGED from [com.android.support:appcompat-v7:23.2.1] AndroidManifest.xml:25:5-20
MERGED from [com.android.support:support-v4:23.2.1] AndroidManifest.xml:22:5-20
MERGED from [com.android.support:animated-vector-drawable:23.2.1] AndroidManifest.xml:7:5-20
MERGED from [com.android.support:support-vector-drawable:23.2.1] AndroidManifest.xml:7:5-20
MERGED from [com.android.support:support-v4:23.2.1] AndroidManifest.xml:22:5-20
MERGED from [com.android.support:support-vector-drawable:23.2.1] AndroidManifest.xml:7:5-20
MERGED from [com.android.support:support-v4:23.2.1] AndroidManifest.xml:22:5-20
MERGED from [com.android.support:support-v4:23.2.1] AndroidManifest.xml:22:5-20
MERGED from [gitrepo.google_play_services:google-play-services_lib:unspecified] AndroidManifest.xml:26:5-30:19
	android:label
		ADDED from src\main\AndroidManifest.xml:13:9-41
	android:allowBackup
		ADDED from src\main\AndroidManifest.xml:16:9-35
	android:icon
		ADDED from src\main\AndroidManifest.xml:14:9-42
	android:theme
		ADDED from src\main\AndroidManifest.xml:15:9-40
	android:largeHeap
		ADDED from src\main\AndroidManifest.xml:17:9-33
	android:name
		ADDED from src\main\AndroidManifest.xml:12:9-39
activity#com.neonto.exportedByUser_s969932972038319.MSD.OppDetail2Activity
ADDED from src\main\AndroidManifest.xml:20:9-25:20
	android:screenOrientation
		ADDED from src\main\AndroidManifest.xml:24:13-49
	android:label
		ADDED from src\main\AndroidManifest.xml:22:13-32
	android:configChanges
		ADDED from src\main\AndroidManifest.xml:23:13-59
	android:name
		ADDED from src\main\AndroidManifest.xml:21:13-47
activity#com.neonto.exportedByUser_s969932972038319.MSD.MyInfoActivity
ADDED from src\main\AndroidManifest.xml:27:9-32:20
	android:screenOrientation
		ADDED from src\main\AndroidManifest.xml:31:13-49
	android:label
		ADDED from src\main\AndroidManifest.xml:29:13-32
	android:configChanges
		ADDED from src\main\AndroidManifest.xml:30:13-59
	android:name
		ADDED from src\main\AndroidManifest.xml:28:13-43
activity#com.neonto.exportedByUser_s969932972038319.MSD.REGISTERActivity
ADDED from src\main\AndroidManifest.xml:34:9-39:20
	android:screenOrientation
		ADDED from src\main\AndroidManifest.xml:38:13-49
	android:label
		ADDED from src\main\AndroidManifest.xml:36:13-32
	android:configChanges
		ADDED from src\main\AndroidManifest.xml:37:13-59
	android:name
		ADDED from src\main\AndroidManifest.xml:35:13-45
activity#com.neonto.exportedByUser_s969932972038319.MSD.Search1Activity
ADDED from src\main\AndroidManifest.xml:41:9-46:20
	android:screenOrientation
		ADDED from src\main\AndroidManifest.xml:45:13-49
	android:label
		ADDED from src\main\AndroidManifest.xml:43:13-32
	android:configChanges
		ADDED from src\main\AndroidManifest.xml:44:13-59
	android:name
		ADDED from src\main\AndroidManifest.xml:42:13-44
activity#com.neonto.exportedByUser_s969932972038319.MSD.MENUActivity
ADDED from src\main\AndroidManifest.xml:48:9-53:20
	android:screenOrientation
		ADDED from src\main\AndroidManifest.xml:52:13-49
	android:label
		ADDED from src\main\AndroidManifest.xml:50:13-32
	android:configChanges
		ADDED from src\main\AndroidManifest.xml:51:13-59
	android:name
		ADDED from src\main\AndroidManifest.xml:49:13-41
activity#com.neonto.exportedByUser_s969932972038319.MSD.OppDetail3Activity
ADDED from src\main\AndroidManifest.xml:55:9-60:20
	android:screenOrientation
		ADDED from src\main\AndroidManifest.xml:59:13-49
	android:label
		ADDED from src\main\AndroidManifest.xml:57:13-32
	android:configChanges
		ADDED from src\main\AndroidManifest.xml:58:13-59
	android:name
		ADDED from src\main\AndroidManifest.xml:56:13-47
activity#com.neonto.exportedByUser_s969932972038319.MSD.RecomendedActivity
ADDED from src\main\AndroidManifest.xml:62:9-67:20
	android:screenOrientation
		ADDED from src\main\AndroidManifest.xml:66:13-49
	android:label
		ADDED from src\main\AndroidManifest.xml:64:13-32
	android:configChanges
		ADDED from src\main\AndroidManifest.xml:65:13-59
	android:name
		ADDED from src\main\AndroidManifest.xml:63:13-47
activity#com.neonto.exportedByUser_s969932972038319.MSD.UpComingActivity
ADDED from src\main\AndroidManifest.xml:69:9-74:20
	android:screenOrientation
		ADDED from src\main\AndroidManifest.xml:73:13-49
	android:label
		ADDED from src\main\AndroidManifest.xml:71:13-32
	android:configChanges
		ADDED from src\main\AndroidManifest.xml:72:13-59
	android:name
		ADDED from src\main\AndroidManifest.xml:70:13-45
activity#com.neonto.exportedByUser_s969932972038319.MSD.CompletedActivity
ADDED from src\main\AndroidManifest.xml:76:9-81:20
	android:screenOrientation
		ADDED from src\main\AndroidManifest.xml:80:13-49
	android:label
		ADDED from src\main\AndroidManifest.xml:78:13-32
	android:configChanges
		ADDED from src\main\AndroidManifest.xml:79:13-59
	android:name
		ADDED from src\main\AndroidManifest.xml:77:13-46
activity#com.neonto.exportedByUser_s969932972038319.MSD.SavedActivity
ADDED from src\main\AndroidManifest.xml:83:9-88:20
	android:screenOrientation
		ADDED from src\main\AndroidManifest.xml:87:13-49
	android:label
		ADDED from src\main\AndroidManifest.xml:85:13-32
	android:configChanges
		ADDED from src\main\AndroidManifest.xml:86:13-59
	android:name
		ADDED from src\main\AndroidManifest.xml:84:13-42
activity#com.neonto.exportedByUser_s969932972038319.MSD.Search2Activity
ADDED from src\main\AndroidManifest.xml:90:9-95:20
	android:screenOrientation
		ADDED from src\main\AndroidManifest.xml:94:13-49
	android:label
		ADDED from src\main\AndroidManifest.xml:92:13-32
	android:configChanges
		ADDED from src\main\AndroidManifest.xml:93:13-59
	android:name
		ADDED from src\main\AndroidManifest.xml:91:13-44
activity#com.neonto.exportedByUser_s969932972038319.MSD.ThusWeekActivity
ADDED from src\main\AndroidManifest.xml:97:9-102:20
	android:screenOrientation
		ADDED from src\main\AndroidManifest.xml:101:13-49
	android:label
		ADDED from src\main\AndroidManifest.xml:99:13-32
	android:configChanges
		ADDED from src\main\AndroidManifest.xml:100:13-59
	android:name
		ADDED from src\main\AndroidManifest.xml:98:13-45
activity#com.neonto.exportedByUser_s969932972038319.MSD.OppDeatil0Activity
ADDED from src\main\AndroidManifest.xml:104:9-109:20
	android:screenOrientation
		ADDED from src\main\AndroidManifest.xml:108:13-49
	android:label
		ADDED from src\main\AndroidManifest.xml:106:13-32
	android:configChanges
		ADDED from src\main\AndroidManifest.xml:107:13-59
	android:name
		ADDED from src\main\AndroidManifest.xml:105:13-47
activity#com.neonto.exportedByUser_s969932972038319.MSD.OppDetail1Activity
ADDED from src\main\AndroidManifest.xml:111:9-116:20
	android:screenOrientation
		ADDED from src\main\AndroidManifest.xml:115:13-49
	android:label
		ADDED from src\main\AndroidManifest.xml:113:13-32
	android:configChanges
		ADDED from src\main\AndroidManifest.xml:114:13-59
	android:name
		ADDED from src\main\AndroidManifest.xml:112:13-47
activity#com.neonto.exportedByUser_s969932972038319.MSD.MyOppActivity
ADDED from src\main\AndroidManifest.xml:118:9-123:20
	android:screenOrientation
		ADDED from src\main\AndroidManifest.xml:122:13-49
	android:label
		ADDED from src\main\AndroidManifest.xml:120:13-32
	android:configChanges
		ADDED from src\main\AndroidManifest.xml:121:13-59
	android:name
		ADDED from src\main\AndroidManifest.xml:119:13-42
activity#com.neonto.exportedByUser_s969932972038319.MSD.HOMEActivity
ADDED from src\main\AndroidManifest.xml:125:9-130:20
	android:screenOrientation
		ADDED from src\main\AndroidManifest.xml:129:13-49
	android:label
		ADDED from src\main\AndroidManifest.xml:127:13-32
	android:configChanges
		ADDED from src\main\AndroidManifest.xml:128:13-59
	android:name
		ADDED from src\main\AndroidManifest.xml:126:13-41
activity#com.neonto.exportedByUser_s969932972038319.MSD.PublicProfileActivity
ADDED from src\main\AndroidManifest.xml:132:9-137:20
	android:screenOrientation
		ADDED from src\main\AndroidManifest.xml:136:13-49
	android:label
		ADDED from src\main\AndroidManifest.xml:134:13-32
	android:configChanges
		ADDED from src\main\AndroidManifest.xml:135:13-59
	android:name
		ADDED from src\main\AndroidManifest.xml:133:13-50
activity#com.neonto.exportedByUser_s969932972038319.MSD.EditInfoActivity
ADDED from src\main\AndroidManifest.xml:139:9-144:20
	android:screenOrientation
		ADDED from src\main\AndroidManifest.xml:143:13-49
	android:label
		ADDED from src\main\AndroidManifest.xml:141:13-32
	android:configChanges
		ADDED from src\main\AndroidManifest.xml:142:13-59
	android:name
		ADDED from src\main\AndroidManifest.xml:140:13-45
activity#com.neonto.exportedByUser_s969932972038319.MSD.LOGINActivity
ADDED from src\main\AndroidManifest.xml:146:9-155:20
	android:screenOrientation
		ADDED from src\main\AndroidManifest.xml:150:13-49
	android:label
		ADDED from src\main\AndroidManifest.xml:148:13-32
	android:configChanges
		ADDED from src\main\AndroidManifest.xml:149:13-59
	android:name
		ADDED from src\main\AndroidManifest.xml:147:13-42
intent-filter#android.intent.action.MAIN+android.intent.category.LAUNCHER
ADDED from src\main\AndroidManifest.xml:151:13-154:29
action#android.intent.action.MAIN
ADDED from src\main\AndroidManifest.xml:152:17-69
	android:name
		ADDED from src\main\AndroidManifest.xml:152:25-66
category#android.intent.category.LAUNCHER
ADDED from src\main\AndroidManifest.xml:153:17-77
	android:name
		ADDED from src\main\AndroidManifest.xml:153:27-74
meta-data#com.google.android.maps.v2.API_KEY
ADDED from src\main\AndroidManifest.xml:157:5-160:7
	android:name
		ADDED from src\main\AndroidManifest.xml:158:8-57
	android:value
		ADDED from src\main\AndroidManifest.xml:159:8-31
uses-feature#0x00020000
ADDED from src\main\AndroidManifest.xml:164:5-167:7
	android:required
		ADDED from src\main\AndroidManifest.xml:166:9-32
	android:glEsVersion
		ADDED from src\main\AndroidManifest.xml:165:9-41
uses-permission#android.permission.ACCESS_NETWORK_STATE
ADDED from src\main\AndroidManifest.xml:169:5-79
	android:name
		ADDED from src\main\AndroidManifest.xml:169:22-76
uses-permission#android.permission.ACCESS_COARSE_LOCATION
ADDED from src\main\AndroidManifest.xml:170:5-81
	android:name
		ADDED from src\main\AndroidManifest.xml:170:22-78
uses-permission#android.permission.WRITE_EXTERNAL_STORAGE
ADDED from src\main\AndroidManifest.xml:171:5-81
	android:name
		ADDED from src\main\AndroidManifest.xml:171:22-78
uses-permission#android.permission.ACCESS_FINE_LOCATION
ADDED from src\main\AndroidManifest.xml:172:5-79
	android:name
		ADDED from src\main\AndroidManifest.xml:172:22-76
uses-permission#android.permission.INTERNET
ADDED from src\main\AndroidManifest.xml:173:5-67
	android:name
		ADDED from src\main\AndroidManifest.xml:173:22-64
meta-data#com.google.android.gms.version
ADDED from [gitrepo.google_play_services:google-play-services_lib:unspecified] AndroidManifest.xml:27:9-29:69
	android:name
		ADDED from [gitrepo.google_play_services:google-play-services_lib:unspecified] AndroidManifest.xml:28:13-58
	android:value
		ADDED from [gitrepo.google_play_services:google-play-services_lib:unspecified] AndroidManifest.xml:29:13-66